<?xml version="1.0" encoding="UTF-8"?>
<!-- Generated by org.testng.reporters.JUnitReportReporter -->
<testsuite skipped="0" hostname="DESKTOP-IE56OCR" name="com.testng.Expected_Exception" tests="1" failures="0" timestamp="2022-07-28T20:46:46 IST" time="0.009" errors="0">
  <testcase name="add" time="0.009" classname="com.testng.Expected_Exception"/>
  <system-out/>
</testsuite> <!-- com.testng.Expected_Exception -->
