<?xml version="1.0" encoding="UTF-8"?>
<!-- Generated by org.testng.reporters.JUnitReportReporter -->
<testsuite skipped="0" hostname="DESKTOP-IE56OCR" name="com.testng.Soft_Assert" tests="1" failures="0" timestamp="2022-07-31T01:18:45 IST" time="0.015" errors="0">
  <testcase name="demo" time="0.015" classname="com.testng.Soft_Assert"/>
  <system-out/>
</testsuite> <!-- com.testng.Soft_Assert -->
