<?xml version="1.0" encoding="UTF-8"?>
<!-- Generated by org.testng.reporters.JUnitReportReporter -->
<testsuite skipped="0" hostname="DESKTOP-IE56OCR" name="com.testng.Simple_Annotations" tests="4" failures="0" timestamp="2022-07-28T01:13:36 IST" time="0.015" errors="0">
  <testcase name="women" time="0.008" classname="com.testng.Simple_Annotations"/>
  <system-out/>
  <testcase name="men" time="0.002" classname="com.testng.Simple_Annotations"/>
  <system-out/>
  <testcase name="men" time="0.002" classname="com.testng.Simple_Annotations"/>
  <system-out/>
  <testcase name="kids" time="0.003" classname="com.testng.Simple_Annotations"/>
  <system-out/>
</testsuite> <!-- com.testng.Simple_Annotations -->
