<?xml version="1.0" encoding="UTF-8"?>
<!-- Generated by org.testng.reporters.JUnitReportReporter -->
<testsuite skipped="0" hostname="DESKTOP-IE56OCR" name="com.testng.Parameterized_Concept" tests="1" failures="0" timestamp="2022-07-30T00:43:37 IST" time="0.009" errors="0">
  <testcase name="credential" time="0.009" classname="com.testng.Parameterized_Concept"/>
  <system-out/>
</testsuite> <!-- com.testng.Parameterized_Concept -->
