<?xml version="1.0" encoding="UTF-8"?>
<!-- Generated by org.testng.reporters.JUnitReportReporter -->
<testsuite skipped="0" hostname="DESKTOP-IE56OCR" name="com.testng.Grouping_Concept" tests="5" failures="0" timestamp="2022-07-29T00:44:22 IST" time="0.014" errors="0">
  <testcase name="orange" time="0.002" classname="com.testng.Grouping_Concept"/>
  <system-out/>
  <testcase name="beans" time="0.001" classname="com.testng.Grouping_Concept"/>
  <system-out/>
  <testcase name="banana" time="0.002" classname="com.testng.Grouping_Concept"/>
  <system-out/>
  <testcase name="carrot" time="0.001" classname="com.testng.Grouping_Concept"/>
  <system-out/>
  <testcase name="apple" time="0.008" classname="com.testng.Grouping_Concept"/>
  <system-out/>
</testsuite> <!-- com.testng.Grouping_Concept -->
