<?xml version="1.0" encoding="UTF-8"?>
<!-- Generated by org.testng.reporters.JUnitReportReporter -->
<testsuite skipped="0" hostname="DESKTOP-IE56OCR" name="com.testng.Depedency_Concept" tests="2" failures="0" timestamp="2022-07-28T01:16:55 IST" time="0.011" errors="0">
  <testcase name="twelth" time="0.002" classname="com.testng.Depedency_Concept"/>
  <system-out/>
  <testcase name="tenth" time="0.009" classname="com.testng.Depedency_Concept"/>
  <system-out/>
</testsuite> <!-- com.testng.Depedency_Concept -->
