<?xml version="1.0" encoding="UTF-8"?>
<!-- Generated by org.testng.reporters.JUnitReportReporter -->
<testsuite skipped="0" hostname="DESKTOP-IE56OCR" name="com.testng.DataProvider_Concept" tests="3" failures="0" timestamp="2022-07-28T21:52:22 IST" time="0.009" errors="0">
  <testcase name="credential" time="0.007" classname="com.testng.DataProvider_Concept"/>
  <system-out/>
  <testcase name="credential" time="0.001" classname="com.testng.DataProvider_Concept"/>
  <system-out/>
  <testcase name="credential" time="0.001" classname="com.testng.DataProvider_Concept"/>
  <system-out/>
</testsuite> <!-- com.testng.DataProvider_Concept -->
