<?xml version="1.0" encoding="UTF-8"?>
<!-- Generated by org.testng.reporters.JUnitReportReporter -->
<testsuite skipped="1" hostname="DESKTOP-IE56OCR" name="com.testng.Ignore_concept" tests="3" failures="0" timestamp="2022-07-28T23:49:24 IST" time="0.009" errors="0">
  <testcase name="apple" time="0.008" classname="com.testng.Ignore_concept"/>
  <system-out/>
  <testcase name="orange" time="0.001" classname="com.testng.Ignore_concept"/>
  <system-out/>
  <testcase name="carrot" classname="com.testng.Ignore_concept">
    <skipped/>
  </testcase> <!-- carrot -->
  <system-out/>
</testsuite> <!-- com.testng.Ignore_concept -->
