<?xml version="1.0" encoding="UTF-8"?>
<!-- Generated by org.testng.reporters.JUnitReportReporter -->
<testsuite skipped="0" hostname="DESKTOP-IE56OCR" name="com.testng.Parallel_Concept" tests="2" failures="0" timestamp="2022-07-28T22:08:43 IST" time="0.018" errors="0">
  <testcase name="instagram" time="0.009" classname="com.testng.Parallel_Concept"/>
  <system-out/>
  <testcase name="facebook" time="0.009" classname="com.testng.Parallel_Concept"/>
  <system-out/>
</testsuite> <!-- com.testng.Parallel_Concept -->
